{
  "stats": {
    "suites": 2,
    "tests": 3,
    "passes": 3,
    "pending": 0,
    "failures": 0,
    "start": "2022-04-26T15:52:22.621Z",
    "end": "2022-04-26T15:52:30.507Z",
    "duration": 7886,
    "testsRegistered": 3,
    "passPercent": 100,
    "pendingPercent": 0,
    "other": 0,
    "hasOther": false,
    "skipped": 0,
    "hasSkipped": false
  },
  "results": [
    {
      "uuid": "2013ed46-03fe-41e7-bf54-0bf1411f7feb",
      "title": "",
      "fullFile": "cypress/integration/lemonade.tests.spec.js",
      "file": "cypress/integration/lemonade.tests.spec.js",
      "beforeHooks": [],
      "afterHooks": [],
      "tests": [],
      "suites": [
        {
          "uuid": "3236e615-9549-4b05-8647-a932055f295d",
          "title": "Vendor Search",
          "fullFile": "",
          "file": "",
          "beforeHooks": [],
          "afterHooks": [],
          "tests": [],
          "suites": [
            {
              "uuid": "8c14915e-74d8-4f24-a366-636d4793259a",
              "title": "UserBundle/Desktop/Users/UserMenu",
              "fullFile": "",
              "file": "",
              "beforeHooks": [],
              "afterHooks": [],
              "tests": [
                {
                  "title": "\"Before you continue to Google Search\" disclaimer is shown on first visit",
                  "fullTitle": "Vendor Search UserBundle/Desktop/Users/UserMenu \"Before you continue to Google Search\" disclaimer is shown on first visit",
                  "timedOut": null,
                  "duration": 2063,
                  "state": "passed",
                  "speed": "fast",
                  "pass": true,
                  "fail": false,
                  "pending": false,
                  "context": null,
                  "code": "cy.get('#S3BnEe').should('be.visible'); // check if element which the message \"Before you continue to Google Search\" is shown\n// this looks te be valid for any language",
                  "err": {},
                  "uuid": "850395ee-29d3-4c35-a15d-fad5443f08c5",
                  "parentUUID": "8c14915e-74d8-4f24-a366-636d4793259a",
                  "isHook": false,
                  "skipped": false
                },
                {
                  "title": "Google main page is shown as we accept the disclaimer",
                  "fullTitle": "Vendor Search UserBundle/Desktop/Users/UserMenu Google main page is shown as we accept the disclaimer",
                  "timedOut": null,
                  "duration": 977,
                  "state": "passed",
                  "speed": "fast",
                  "pass": true,
                  "fail": false,
                  "pending": false,
                  "context": null,
                  "code": "cy.get('[class=\"QS5gu sy4vM\"]').eq(1).click(); // click \"Accept\"\ncy.get('img[class=\"lnXdpd\"]').should('be.visible'); // double check, by class\ncy.get('img[alt=\"Google\"]').should('be.visible'); // and by alt",
                  "err": {},
                  "uuid": "5ef75428-dfd9-4d68-a4d6-8418a5e16256",
                  "parentUUID": "8c14915e-74d8-4f24-a366-636d4793259a",
                  "isHook": false,
                  "skipped": false
                },
                {
                  "title": "Search field can be X as something is typed",
                  "fullTitle": "Vendor Search UserBundle/Desktop/Users/UserMenu Search field can be X as something is typed",
                  "timedOut": null,
                  "duration": 2660,
                  "state": "passed",
                  "speed": "fast",
                  "pass": true,
                  "fail": false,
                  "pending": false,
                  "context": null,
                  "code": "cy.get('[class=\"QS5gu sy4vM\"]').eq(1).click(); // click \"Accept\"\ncy.get('.gLFyf').type('1234'); // type something\ncy.get('.ExCKkf > svg').click(); // click delete X\ncy.get('.gLFyf').should('be.empty'); // check it gets empty",
                  "err": {},
                  "uuid": "9aa1246e-5510-4af5-8e64-31fba8602e28",
                  "parentUUID": "8c14915e-74d8-4f24-a366-636d4793259a",
                  "isHook": false,
                  "skipped": false
                }
              ],
              "suites": [],
              "passes": [
                "850395ee-29d3-4c35-a15d-fad5443f08c5",
                "5ef75428-dfd9-4d68-a4d6-8418a5e16256",
                "9aa1246e-5510-4af5-8e64-31fba8602e28"
              ],
              "failures": [],
              "pending": [],
              "skipped": [],
              "duration": 5700,
              "root": false,
              "rootEmpty": false,
              "_timeout": 2000
            }
          ],
          "passes": [],
          "failures": [],
          "pending": [],
          "skipped": [],
          "duration": 0,
          "root": false,
          "rootEmpty": false,
          "_timeout": 2000
        }
      ],
      "passes": [],
      "failures": [],
      "pending": [],
      "skipped": [],
      "duration": 0,
      "root": true,
      "rootEmpty": true,
      "_timeout": 2000
    }
  ],
  "meta": {
    "mocha": {
      "version": "7.0.1"
    },
    "mochawesome": {
      "options": {
        "quiet": false,
        "reportFilename": "mochawesome",
        "saveHtml": false,
        "saveJson": true,
        "consoleReporter": "spec",
        "useInlineDiffs": false,
        "code": true
      },
      "version": "7.1.3"
    },
    "marge": {
      "options": {
        "reportDir": "cypress/results",
        "overwrite": false,
        "html": false,
        "json": true
      },
      "version": "6.2.0"
    }
  }
}